<?xml version="1.0" encoding="UTF-8"?>
<testsuite name="com.poppo.querydsl.QuerydslApplicationTests" tests="1" skipped="0" failures="0" errors="0" timestamp="2020-08-26T01:26:41" hostname="BcTech-Saului-MacBookPro.local" time="0.056">
  <properties/>
  <testcase name="contextLoads()" classname="com.poppo.querydsl.QuerydslApplicationTests" time="0.056"/>
  <system-out><![CDATA[10:26:38.407 [Test worker] DEBUG org.springframework.test.context.BootstrapUtils - Instantiating CacheAwareContextLoaderDelegate from class [org.springframework.test.context.cache.DefaultCacheAwareContextLoaderDelegate]
10:26:38.422 [Test worker] DEBUG org.springframework.test.context.BootstrapUtils - Instantiating BootstrapContext using constructor [public org.springframework.test.context.support.DefaultBootstrapContext(java.lang.Class,org.springframework.test.context.CacheAwareContextLoaderDelegate)]
10:26:38.450 [Test worker] DEBUG org.springframework.test.context.BootstrapUtils - Instantiating TestContextBootstrapper for test class [com.poppo.querydsl.QuerydslApplicationTests] from class [org.springframework.boot.test.context.SpringBootTestContextBootstrapper]
10:26:38.464 [Test worker] INFO org.springframework.boot.test.context.SpringBootTestContextBootstrapper - Neither @ContextConfiguration nor @ContextHierarchy found for test class [com.poppo.querydsl.QuerydslApplicationTests], using SpringBootContextLoader
10:26:38.468 [Test worker] DEBUG org.springframework.test.context.support.AbstractContextLoader - Did not detect default resource location for test class [com.poppo.querydsl.QuerydslApplicationTests]: class path resource [com/poppo/querydsl/QuerydslApplicationTests-context.xml] does not exist
10:26:38.469 [Test worker] DEBUG org.springframework.test.context.support.AbstractContextLoader - Did not detect default resource location for test class [com.poppo.querydsl.QuerydslApplicationTests]: class path resource [com/poppo/querydsl/QuerydslApplicationTestsContext.groovy] does not exist
10:26:38.469 [Test worker] INFO org.springframework.test.context.support.AbstractContextLoader - Could not detect default resource locations for test class [com.poppo.querydsl.QuerydslApplicationTests]: no resource found for suffixes {-context.xml, Context.groovy}.
10:26:38.470 [Test worker] INFO org.springframework.test.context.support.AnnotationConfigContextLoaderUtils - Could not detect default configuration classes for test class [com.poppo.querydsl.QuerydslApplicationTests]: QuerydslApplicationTests does not declare any static, non-private, non-final, nested classes annotated with @Configuration.
10:26:38.507 [Test worker] DEBUG org.springframework.test.context.support.ActiveProfilesUtils - Could not find an 'annotation declaring class' for annotation type [org.springframework.test.context.ActiveProfiles] and class [com.poppo.querydsl.QuerydslApplicationTests]
10:26:38.568 [Test worker] DEBUG org.springframework.context.annotation.ClassPathScanningCandidateComponentProvider - Identified candidate component class: file [/Users/saul/Documents/Development/til/Backend/Spring/Java/QueryDsl/build/classes/java/main/com/poppo/querydsl/QuerydslApplication.class]
10:26:38.570 [Test worker] INFO org.springframework.boot.test.context.SpringBootTestContextBootstrapper - Found @SpringBootConfiguration com.poppo.querydsl.QuerydslApplication for test class com.poppo.querydsl.QuerydslApplicationTests
10:26:38.672 [Test worker] DEBUG org.springframework.boot.test.context.SpringBootTestContextBootstrapper - @TestExecutionListeners is not present for class [com.poppo.querydsl.QuerydslApplicationTests]: using defaults.
10:26:38.672 [Test worker] INFO org.springframework.boot.test.context.SpringBootTestContextBootstrapper - Loaded default TestExecutionListener class names from location [META-INF/spring.factories]: [org.springframework.boot.test.autoconfigure.restdocs.RestDocsTestExecutionListener, org.springframework.boot.test.autoconfigure.web.client.MockRestServiceServerResetTestExecutionListener, org.springframework.boot.test.autoconfigure.web.servlet.MockMvcPrintOnlyOnFailureTestExecutionListener, org.springframework.boot.test.autoconfigure.web.servlet.WebDriverTestExecutionListener, org.springframework.boot.test.mock.mockito.MockitoTestExecutionListener, org.springframework.boot.test.mock.mockito.ResetMocksTestExecutionListener, org.springframework.test.context.web.ServletTestExecutionListener, org.springframework.test.context.support.DirtiesContextBeforeModesTestExecutionListener, org.springframework.test.context.support.DependencyInjectionTestExecutionListener, org.springframework.test.context.support.DirtiesContextTestExecutionListener, org.springframework.test.context.transaction.TransactionalTestExecutionListener, org.springframework.test.context.jdbc.SqlScriptsTestExecutionListener, org.springframework.test.context.event.EventPublishingTestExecutionListener]
10:26:38.689 [Test worker] INFO org.springframework.boot.test.context.SpringBootTestContextBootstrapper - Using TestExecutionListeners: [org.springframework.test.context.web.ServletTestExecutionListener@1f2bc5c5, org.springframework.test.context.support.DirtiesContextBeforeModesTestExecutionListener@3ff33c7b, org.springframework.boot.test.mock.mockito.MockitoTestExecutionListener@524d92e1, org.springframework.boot.test.autoconfigure.SpringBootDependencyInjectionTestExecutionListener@442bfd2, org.springframework.test.context.support.DirtiesContextTestExecutionListener@45864772, org.springframework.test.context.transaction.TransactionalTestExecutionListener@63b0bb5d, org.springframework.test.context.jdbc.SqlScriptsTestExecutionListener@5d54f750, org.springframework.test.context.event.EventPublishingTestExecutionListener@4c796f07, org.springframework.boot.test.autoconfigure.restdocs.RestDocsTestExecutionListener@3bb31c2d, org.springframework.boot.test.autoconfigure.web.client.MockRestServiceServerResetTestExecutionListener@5d3f3255, org.springframework.boot.test.autoconfigure.web.servlet.MockMvcPrintOnlyOnFailureTestExecutionListener@272ba0d5, org.springframework.boot.test.autoconfigure.web.servlet.WebDriverTestExecutionListener@202de260, org.springframework.boot.test.mock.mockito.ResetMocksTestExecutionListener@35cd03c]
10:26:38.693 [Test worker] DEBUG org.springframework.test.context.support.AbstractDirtiesContextTestExecutionListener - Before test class: context [DefaultTestContext@728ede06 testClass = QuerydslApplicationTests, testInstance = [null], testMethod = [null], testException = [null], mergedContextConfiguration = [WebMergedContextConfiguration@2f382d95 testClass = QuerydslApplicationTests, locations = '{}', classes = '{class com.poppo.querydsl.QuerydslApplication}', contextInitializerClasses = '[]', activeProfiles = '{}', propertySourceLocations = '{}', propertySourceProperties = '{org.springframework.boot.test.context.SpringBootTestContextBootstrapper=true}', contextCustomizers = set[org.springframework.boot.test.autoconfigure.properties.PropertyMappingContextCustomizer@0, org.springframework.boot.test.autoconfigure.web.servlet.WebDriverContextCustomizerFactory$Customizer@3b858e3d, org.springframework.boot.test.context.filter.ExcludeFilterContextCustomizer@1d03e080, org.springframework.boot.test.json.DuplicateJsonObjectContextCustomizerFactory$DuplicateJsonObjectContextCustomizer@3781105a, org.springframework.boot.test.mock.mockito.MockitoContextCustomizer@0, org.springframework.boot.test.web.client.TestRestTemplateContextCustomizer@172a7de7, org.springframework.boot.test.context.SpringBootTestArgs@1], resourceBasePath = 'src/main/webapp', contextLoader = 'org.springframework.boot.test.context.SpringBootContextLoader', parent = [null]], attributes = map['org.springframework.test.context.web.ServletTestExecutionListener.activateListener' -> true]], class annotated with @DirtiesContext [false] with mode [null].
10:26:38.723 [Test worker] DEBUG org.springframework.test.context.support.TestPropertySourceUtils - Adding inlined properties to environment: {spring.jmx.enabled=false, org.springframework.boot.test.context.SpringBootTestContextBootstrapper=true, server.port=-1}

  .   ____          _            __ _ _
 /\\ / ___'_ __ _ _(_)_ __  __ _ \ \ \ \
( ( )\___ | '_ | '_| | '_ \/ _` | \ \ \ \
 \\/  ___)| |_)| | | | | || (_| |  ) ) ) )
  '  |____| .__|_| |_|_| |_\__, | / / / /
 =========|_|==============|___/=/_/_/_/
 :: Spring Boot ::        (v2.2.9.RELEASE)

2020-08-26 10:26:38.953  INFO 6606 --- [    Test worker] c.p.querydsl.QuerydslApplicationTests    : Starting QuerydslApplicationTests on BcTech-Saului-MacBookPro.local with PID 6606 (started by saul in /Users/saul/Documents/Development/til/Backend/Spring/Java/QueryDsl)
2020-08-26 10:26:38.955  INFO 6606 --- [    Test worker] c.p.querydsl.QuerydslApplicationTests    : No active profile set, falling back to default profiles: default
2020-08-26 10:26:39.496  INFO 6606 --- [    Test worker] .s.d.r.c.RepositoryConfigurationDelegate : Bootstrapping Spring Data JPA repositories in DEFAULT mode.
2020-08-26 10:26:39.519  INFO 6606 --- [    Test worker] .s.d.r.c.RepositoryConfigurationDelegate : Finished Spring Data repository scanning in 13ms. Found 0 JPA repository interfaces.
2020-08-26 10:26:39.953  INFO 6606 --- [    Test worker] com.zaxxer.hikari.HikariDataSource       : HikariPool-1 - Starting...
2020-08-26 10:26:40.191  INFO 6606 --- [    Test worker] com.zaxxer.hikari.HikariDataSource       : HikariPool-1 - Start completed.
2020-08-26 10:26:40.252  INFO 6606 --- [    Test worker] o.hibernate.jpa.internal.util.LogHelper  : HHH000204: Processing PersistenceUnitInfo [name: default]
2020-08-26 10:26:40.303  INFO 6606 --- [    Test worker] org.hibernate.Version                    : HHH000412: Hibernate ORM core version 5.4.18.Final
2020-08-26 10:26:40.443  INFO 6606 --- [    Test worker] o.hibernate.annotations.common.Version   : HCANN000001: Hibernate Commons Annotations {5.1.0.Final}
2020-08-26 10:26:40.584  INFO 6606 --- [    Test worker] org.hibernate.dialect.Dialect            : HHH000400: Using dialect: org.hibernate.dialect.H2Dialect
2020-08-26 10:26:40.847  INFO 6606 --- [    Test worker] o.h.e.t.j.p.i.JtaPlatformInitiator       : HHH000490: Using JtaPlatform implementation: [org.hibernate.engine.transaction.jta.platform.internal.NoJtaPlatform]
2020-08-26 10:26:40.854  INFO 6606 --- [    Test worker] j.LocalContainerEntityManagerFactoryBean : Initialized JPA EntityManagerFactory for persistence unit 'default'
2020-08-26 10:26:41.098  WARN 6606 --- [    Test worker] JpaBaseConfiguration$JpaWebConfiguration : spring.jpa.open-in-view is enabled by default. Therefore, database queries may be performed during view rendering. Explicitly configure spring.jpa.open-in-view to disable this warning
2020-08-26 10:26:41.316  INFO 6606 --- [    Test worker] o.s.s.concurrent.ThreadPoolTaskExecutor  : Initializing ExecutorService 'applicationTaskExecutor'
2020-08-26 10:26:41.623  INFO 6606 --- [    Test worker] c.p.querydsl.QuerydslApplicationTests    : Started QuerydslApplicationTests in 2.891 seconds (JVM running for 3.945)
]]></system-out>
  <system-err><![CDATA[]]></system-err>
</testsuite>
