<?xml version="1.0" encoding="UTF-8"?>
<testsuite xmlns:xsi="http://www.w3.org/2001/XMLSchema-instance" xsi:noNamespaceSchemaLocation="https://maven.apache.org/surefire/maven-surefire-plugin/xsd/surefire-test-report.xsd" name="io.baselogic.springsecurity.web.controllers.EventsControllerTests" time="1.538" tests="13" errors="0" skipped="0" failures="0">
  <properties>
    <property name="gopherProxySet" value="false"/>
    <property name="awt.toolkit" value="sun.lwawt.macosx.LWCToolkit"/>
    <property name="java.specification.version" value="11"/>
    <property name="sun.cpu.isalist" value=""/>
    <property name="sun.jnu.encoding" value="UTF-8"/>
    <property name="java.class.path" value="/Users/saul/Documents/Development/til/Backend/Spring/Java/spring_security_course/chapter01/chapter01.00/target/test-classes:/Users/saul/Documents/Development/til/Backend/Spring/Java/spring_security_course/chapter01/chapter01.00/target/classes:/Users/saul/.m2/repository/org/springframework/boot/spring-boot-starter-web/2.4.0-M2/spring-boot-starter-web-2.4.0-M2.jar:/Users/saul/.m2/repository/org/springframework/boot/spring-boot-starter/2.4.0-M2/spring-boot-starter-2.4.0-M2.jar:/Users/saul/.m2/repository/org/springframework/boot/spring-boot-starter-logging/2.4.0-M2/spring-boot-starter-logging-2.4.0-M2.jar:/Users/saul/.m2/repository/ch/qos/logback/logback-classic/1.2.3/logback-classic-1.2.3.jar:/Users/saul/.m2/repository/ch/qos/logback/logback-core/1.2.3/logback-core-1.2.3.jar:/Users/saul/.m2/repository/org/apache/logging/log4j/log4j-to-slf4j/2.13.3/log4j-to-slf4j-2.13.3.jar:/Users/saul/.m2/repository/org/apache/logging/log4j/log4j-api/2.13.3/log4j-api-2.13.3.jar:/Users/saul/.m2/repository/org/slf4j/jul-to-slf4j/1.7.30/jul-to-slf4j-1.7.30.jar:/Users/saul/.m2/repository/jakarta/annotation/jakarta.annotation-api/1.3.5/jakarta.annotation-api-1.3.5.jar:/Users/saul/.m2/repository/org/yaml/snakeyaml/1.26/snakeyaml-1.26.jar:/Users/saul/.m2/repository/org/springframework/boot/spring-boot-starter-json/2.4.0-M2/spring-boot-starter-json-2.4.0-M2.jar:/Users/saul/.m2/repository/com/fasterxml/jackson/datatype/jackson-datatype-jdk8/2.11.2/jackson-datatype-jdk8-2.11.2.jar:/Users/saul/.m2/repository/com/fasterxml/jackson/datatype/jackson-datatype-jsr310/2.11.2/jackson-datatype-jsr310-2.11.2.jar:/Users/saul/.m2/repository/com/fasterxml/jackson/module/jackson-module-parameter-names/2.11.2/jackson-module-parameter-names-2.11.2.jar:/Users/saul/.m2/repository/org/springframework/boot/spring-boot-starter-tomcat/2.4.0-M2/spring-boot-starter-tomcat-2.4.0-M2.jar:/Users/saul/.m2/repository/org/apache/tomcat/embed/tomcat-embed-core/9.0.37/tomcat-embed-core-9.0.37.jar:/Users/saul/.m2/repository/org/apache/tomcat/embed/tomcat-embed-websocket/9.0.37/tomcat-embed-websocket-9.0.37.jar:/Users/saul/.m2/repository/org/springframework/spring-web/5.3.0-M2/spring-web-5.3.0-M2.jar:/Users/saul/.m2/repository/org/springframework/spring-beans/5.3.0-M2/spring-beans-5.3.0-M2.jar:/Users/saul/.m2/repository/org/springframework/spring-webmvc/5.3.0-M2/spring-webmvc-5.3.0-M2.jar:/Users/saul/.m2/repository/org/springframework/spring-aop/5.3.0-M2/spring-aop-5.3.0-M2.jar:/Users/saul/.m2/repository/org/springframework/spring-context/5.3.0-M2/spring-context-5.3.0-M2.jar:/Users/saul/.m2/repository/org/springframework/spring-expression/5.3.0-M2/spring-expression-5.3.0-M2.jar:/Users/saul/.m2/repository/org/springframework/boot/spring-boot-starter-thymeleaf/2.4.0-M2/spring-boot-starter-thymeleaf-2.4.0-M2.jar:/Users/saul/.m2/repository/org/thymeleaf/thymeleaf-spring5/3.0.11.RELEASE/thymeleaf-spring5-3.0.11.RELEASE.jar:/Users/saul/.m2/repository/org/thymeleaf/extras/thymeleaf-extras-java8time/3.0.4.RELEASE/thymeleaf-extras-java8time-3.0.4.RELEASE.jar:/Users/saul/.m2/repository/nz/net/ultraq/thymeleaf/thymeleaf-layout-dialect/2.4.1/thymeleaf-layout-dialect-2.4.1.jar:/Users/saul/.m2/repository/nz/net/ultraq/thymeleaf/thymeleaf-expression-processor/1.1.3/thymeleaf-expression-processor-1.1.3.jar:/Users/saul/.m2/repository/org/codehaus/groovy/groovy/2.5.13/groovy-2.5.13.jar:/Users/saul/.m2/repository/org/thymeleaf/thymeleaf/3.0.11.RELEASE/thymeleaf-3.0.11.RELEASE.jar:/Users/saul/.m2/repository/ognl/ognl/3.1.12/ognl-3.1.12.jar:/Users/saul/.m2/repository/org/javassist/javassist/3.20.0-GA/javassist-3.20.0-GA.jar:/Users/saul/.m2/repository/org/attoparser/attoparser/2.0.5.RELEASE/attoparser-2.0.5.RELEASE.jar:/Users/saul/.m2/repository/org/unbescape/unbescape/1.1.6.RELEASE/unbescape-1.1.6.RELEASE.jar:/Users/saul/.m2/repository/org/webjars/bootstrap/3.4.1/bootstrap-3.4.1.jar:/Users/saul/.m2/repository/org/webjars/jquery/3.4.1/jquery-3.4.1.jar:/Users/saul/.m2/repository/org/webjars/webjars-locator/0.39/webjars-locator-0.39.jar:/Users/saul/.m2/repository/com/fasterxml/jackson/core/jackson-databind/2.11.2/jackson-databind-2.11.2.jar:/Users/saul/.m2/repository/com/fasterxml/jackson/core/jackson-annotations/2.11.2/jackson-annotations-2.11.2.jar:/Users/saul/.m2/repository/org/webjars/webjars-locator-core/0.45/webjars-locator-core-0.45.jar:/Users/saul/.m2/repository/org/slf4j/slf4j-api/1.7.30/slf4j-api-1.7.30.jar:/Users/saul/.m2/repository/io/github/classgraph/classgraph/4.8.69/classgraph-4.8.69.jar:/Users/saul/.m2/repository/com/fasterxml/jackson/core/jackson-core/2.11.2/jackson-core-2.11.2.jar:/Users/saul/.m2/repository/org/springframework/boot/spring-boot-starter-jdbc/2.4.0-M2/spring-boot-starter-jdbc-2.4.0-M2.jar:/Users/saul/.m2/repository/com/zaxxer/HikariCP/3.4.5/HikariCP-3.4.5.jar:/Users/saul/.m2/repository/org/springframework/spring-jdbc/5.3.0-M2/spring-jdbc-5.3.0-M2.jar:/Users/saul/.m2/repository/org/springframework/spring-tx/5.3.0-M2/spring-tx-5.3.0-M2.jar:/Users/saul/.m2/repository/com/h2database/h2/1.4.200/h2-1.4.200.jar:/Users/saul/.m2/repository/org/springframework/boot/spring-boot-starter-actuator/2.4.0-M2/spring-boot-starter-actuator-2.4.0-M2.jar:/Users/saul/.m2/repository/org/springframework/boot/spring-boot-actuator-autoconfigure/2.4.0-M2/spring-boot-actuator-autoconfigure-2.4.0-M2.jar:/Users/saul/.m2/repository/org/springframework/boot/spring-boot-actuator/2.4.0-M2/spring-boot-actuator-2.4.0-M2.jar:/Users/saul/.m2/repository/io/micrometer/micrometer-core/1.5.4/micrometer-core-1.5.4.jar:/Users/saul/.m2/repository/org/hdrhistogram/HdrHistogram/2.1.12/HdrHistogram-2.1.12.jar:/Users/saul/.m2/repository/org/latencyutils/LatencyUtils/2.0.3/LatencyUtils-2.0.3.jar:/Users/saul/.m2/repository/org/springframework/boot/spring-boot-starter-validation/2.4.0-M2/spring-boot-starter-validation-2.4.0-M2.jar:/Users/saul/.m2/repository/org/glassfish/jakarta.el/3.0.3/jakarta.el-3.0.3.jar:/Users/saul/.m2/repository/org/hibernate/validator/hibernate-validator/6.1.5.Final/hibernate-validator-6.1.5.Final.jar:/Users/saul/.m2/repository/jakarta/validation/jakarta.validation-api/2.0.2/jakarta.validation-api-2.0.2.jar:/Users/saul/.m2/repository/org/jboss/logging/jboss-logging/3.4.1.Final/jboss-logging-3.4.1.Final.jar:/Users/saul/.m2/repository/com/fasterxml/classmate/1.5.1/classmate-1.5.1.jar:/Users/saul/.m2/repository/org/springframework/boot/spring-boot-devtools/2.4.0-M2/spring-boot-devtools-2.4.0-M2.jar:/Users/saul/.m2/repository/org/springframework/boot/spring-boot/2.4.0-M2/spring-boot-2.4.0-M2.jar:/Users/saul/.m2/repository/org/springframework/boot/spring-boot-autoconfigure/2.4.0-M2/spring-boot-autoconfigure-2.4.0-M2.jar:/Users/saul/.m2/repository/org/projectlombok/lombok/1.18.12/lombok-1.18.12.jar:/Users/saul/.m2/repository/org/apache/commons/commons-lang3/3.11/commons-lang3-3.11.jar:/Users/saul/.m2/repository/org/springframework/boot/spring-boot-starter-test/2.4.0-M2/spring-boot-starter-test-2.4.0-M2.jar:/Users/saul/.m2/repository/org/springframework/boot/spring-boot-test/2.4.0-M2/spring-boot-test-2.4.0-M2.jar:/Users/saul/.m2/repository/org/springframework/boot/spring-boot-test-autoconfigure/2.4.0-M2/spring-boot-test-autoconfigure-2.4.0-M2.jar:/Users/saul/.m2/repository/com/jayway/jsonpath/json-path/2.4.0/json-path-2.4.0.jar:/Users/saul/.m2/repository/net/minidev/json-smart/2.3/json-smart-2.3.jar:/Users/saul/.m2/repository/net/minidev/accessors-smart/1.2/accessors-smart-1.2.jar:/Users/saul/.m2/repository/org/ow2/asm/asm/5.0.4/asm-5.0.4.jar:/Users/saul/.m2/repository/jakarta/xml/bind/jakarta.xml.bind-api/2.3.3/jakarta.xml.bind-api-2.3.3.jar:/Users/saul/.m2/repository/jakarta/activation/jakarta.activation-api/1.2.2/jakarta.activation-api-1.2.2.jar:/Users/saul/.m2/repository/org/assertj/assertj-core/3.16.1/assertj-core-3.16.1.jar:/Users/saul/.m2/repository/org/hamcrest/hamcrest/2.2/hamcrest-2.2.jar:/Users/saul/.m2/repository/org/junit/jupiter/junit-jupiter/5.6.2/junit-jupiter-5.6.2.jar:/Users/saul/.m2/repository/org/junit/jupiter/junit-jupiter-params/5.6.2/junit-jupiter-params-5.6.2.jar:/Users/saul/.m2/repository/org/mockito/mockito-core/3.4.6/mockito-core-3.4.6.jar:/Users/saul/.m2/repository/net/bytebuddy/byte-buddy/1.10.14/byte-buddy-1.10.14.jar:/Users/saul/.m2/repository/net/bytebuddy/byte-buddy-agent/1.10.14/byte-buddy-agent-1.10.14.jar:/Users/saul/.m2/repository/org/objenesis/objenesis/2.6/objenesis-2.6.jar:/Users/saul/.m2/repository/org/mockito/mockito-junit-jupiter/3.4.6/mockito-junit-jupiter-3.4.6.jar:/Users/saul/.m2/repository/org/skyscreamer/jsonassert/1.5.0/jsonassert-1.5.0.jar:/Users/saul/.m2/repository/com/vaadin/external/google/android-json/0.0.20131108.vaadin1/android-json-0.0.20131108.vaadin1.jar:/Users/saul/.m2/repository/org/springframework/spring-core/5.3.0-M2/spring-core-5.3.0-M2.jar:/Users/saul/.m2/repository/org/springframework/spring-jcl/5.3.0-M2/spring-jcl-5.3.0-M2.jar:/Users/saul/.m2/repository/org/springframework/spring-test/5.3.0-M2/spring-test-5.3.0-M2.jar:/Users/saul/.m2/repository/org/xmlunit/xmlunit-core/2.7.0/xmlunit-core-2.7.0.jar:/Users/saul/.m2/repository/org/junit/jupiter/junit-jupiter-engine/5.6.2/junit-jupiter-engine-5.6.2.jar:/Users/saul/.m2/repository/org/apiguardian/apiguardian-api/1.1.0/apiguardian-api-1.1.0.jar:/Users/saul/.m2/repository/org/junit/platform/junit-platform-engine/1.6.2/junit-platform-engine-1.6.2.jar:/Users/saul/.m2/repository/org/opentest4j/opentest4j/1.2.0/opentest4j-1.2.0.jar:/Users/saul/.m2/repository/org/junit/platform/junit-platform-commons/1.6.2/junit-platform-commons-1.6.2.jar:/Users/saul/.m2/repository/org/junit/jupiter/junit-jupiter-api/5.6.2/junit-jupiter-api-5.6.2.jar:/Users/saul/.m2/repository/net/sourceforge/htmlunit/htmlunit/2.43.0/htmlunit-2.43.0.jar:/Users/saul/.m2/repository/xalan/xalan/2.7.2/xalan-2.7.2.jar:/Users/saul/.m2/repository/xalan/serializer/2.7.2/serializer-2.7.2.jar:/Users/saul/.m2/repository/org/apache/commons/commons-text/1.9/commons-text-1.9.jar:/Users/saul/.m2/repository/org/apache/httpcomponents/httpmime/4.5.12/httpmime-4.5.12.jar:/Users/saul/.m2/repository/org/apache/httpcomponents/httpclient/4.5.12/httpclient-4.5.12.jar:/Users/saul/.m2/repository/org/apache/httpcomponents/httpcore/4.4.13/httpcore-4.4.13.jar:/Users/saul/.m2/repository/commons-codec/commons-codec/1.14/commons-codec-1.14.jar:/Users/saul/.m2/repository/net/sourceforge/htmlunit/htmlunit-core-js/2.43.0/htmlunit-core-js-2.43.0.jar:/Users/saul/.m2/repository/net/sourceforge/htmlunit/neko-htmlunit/2.43.0/neko-htmlunit-2.43.0.jar:/Users/saul/.m2/repository/xerces/xercesImpl/2.12.0/xercesImpl-2.12.0.jar:/Users/saul/.m2/repository/xml-apis/xml-apis/1.4.01/xml-apis-1.4.01.jar:/Users/saul/.m2/repository/net/sourceforge/htmlunit/htmlunit-cssparser/1.5.0/htmlunit-cssparser-1.5.0.jar:/Users/saul/.m2/repository/commons-io/commons-io/2.7/commons-io-2.7.jar:/Users/saul/.m2/repository/commons-net/commons-net/3.7/commons-net-3.7.jar:/Users/saul/.m2/repository/org/brotli/dec/0.1.2/dec-0.1.2.jar:/Users/saul/.m2/repository/com/shapesecurity/salvation/2.7.2/salvation-2.7.2.jar:/Users/saul/.m2/repository/org/eclipse/jetty/websocket/websocket-client/9.4.31.v20200723/websocket-client-9.4.31.v20200723.jar:/Users/saul/.m2/repository/org/eclipse/jetty/jetty-client/9.4.31.v20200723/jetty-client-9.4.31.v20200723.jar:/Users/saul/.m2/repository/org/eclipse/jetty/jetty-http/9.4.31.v20200723/jetty-http-9.4.31.v20200723.jar:/Users/saul/.m2/repository/org/eclipse/jetty/jetty-xml/9.4.31.v20200723/jetty-xml-9.4.31.v20200723.jar:/Users/saul/.m2/repository/org/eclipse/jetty/jetty-util/9.4.31.v20200723/jetty-util-9.4.31.v20200723.jar:/Users/saul/.m2/repository/org/eclipse/jetty/jetty-io/9.4.31.v20200723/jetty-io-9.4.31.v20200723.jar:/Users/saul/.m2/repository/org/eclipse/jetty/websocket/websocket-common/9.4.31.v20200723/websocket-common-9.4.31.v20200723.jar:/Users/saul/.m2/repository/org/eclipse/jetty/websocket/websocket-api/9.4.31.v20200723/websocket-api-9.4.31.v20200723.jar:"/>
    <property name="java.vm.vendor" value="Oracle Corporation"/>
    <property name="sun.arch.data.model" value="64"/>
    <property name="java.vendor.url" value="http://java.oracle.com/"/>
    <property name="user.timezone" value=""/>
    <property name="java.vm.specification.version" value="11"/>
    <property name="os.name" value="Mac OS X"/>
    <property name="sun.java.launcher" value="SUN_STANDARD"/>
    <property name="user.country" value="KR"/>
    <property name="sun.boot.library.path" value="/Library/Java/JavaVirtualMachines/jdk-11.0.3.jdk/Contents/Home/lib"/>
    <property name="sun.java.command" value="/Users/saul/Documents/Development/til/Backend/Spring/Java/spring_security_course/chapter01/chapter01.00/target/surefire/surefirebooter9362787270527606027.jar /Users/saul/Documents/Development/til/Backend/Spring/Java/spring_security_course/chapter01/chapter01.00/target/surefire 2020-09-28T16-40-05_266-jvmRun1 surefire16469112808760920992tmp surefire_017209374796214483060tmp"/>
    <property name="http.nonProxyHosts" value="local|*.local|169.254/16|*.169.254/16"/>
    <property name="jdk.debug" value="release"/>
    <property name="surefire.test.class.path" value="/Users/saul/Documents/Development/til/Backend/Spring/Java/spring_security_course/chapter01/chapter01.00/target/test-classes:/Users/saul/Documents/Development/til/Backend/Spring/Java/spring_security_course/chapter01/chapter01.00/target/classes:/Users/saul/.m2/repository/org/springframework/boot/spring-boot-starter-web/2.4.0-M2/spring-boot-starter-web-2.4.0-M2.jar:/Users/saul/.m2/repository/org/springframework/boot/spring-boot-starter/2.4.0-M2/spring-boot-starter-2.4.0-M2.jar:/Users/saul/.m2/repository/org/springframework/boot/spring-boot-starter-logging/2.4.0-M2/spring-boot-starter-logging-2.4.0-M2.jar:/Users/saul/.m2/repository/ch/qos/logback/logback-classic/1.2.3/logback-classic-1.2.3.jar:/Users/saul/.m2/repository/ch/qos/logback/logback-core/1.2.3/logback-core-1.2.3.jar:/Users/saul/.m2/repository/org/apache/logging/log4j/log4j-to-slf4j/2.13.3/log4j-to-slf4j-2.13.3.jar:/Users/saul/.m2/repository/org/apache/logging/log4j/log4j-api/2.13.3/log4j-api-2.13.3.jar:/Users/saul/.m2/repository/org/slf4j/jul-to-slf4j/1.7.30/jul-to-slf4j-1.7.30.jar:/Users/saul/.m2/repository/jakarta/annotation/jakarta.annotation-api/1.3.5/jakarta.annotation-api-1.3.5.jar:/Users/saul/.m2/repository/org/yaml/snakeyaml/1.26/snakeyaml-1.26.jar:/Users/saul/.m2/repository/org/springframework/boot/spring-boot-starter-json/2.4.0-M2/spring-boot-starter-json-2.4.0-M2.jar:/Users/saul/.m2/repository/com/fasterxml/jackson/datatype/jackson-datatype-jdk8/2.11.2/jackson-datatype-jdk8-2.11.2.jar:/Users/saul/.m2/repository/com/fasterxml/jackson/datatype/jackson-datatype-jsr310/2.11.2/jackson-datatype-jsr310-2.11.2.jar:/Users/saul/.m2/repository/com/fasterxml/jackson/module/jackson-module-parameter-names/2.11.2/jackson-module-parameter-names-2.11.2.jar:/Users/saul/.m2/repository/org/springframework/boot/spring-boot-starter-tomcat/2.4.0-M2/spring-boot-starter-tomcat-2.4.0-M2.jar:/Users/saul/.m2/repository/org/apache/tomcat/embed/tomcat-embed-core/9.0.37/tomcat-embed-core-9.0.37.jar:/Users/saul/.m2/repository/org/apache/tomcat/embed/tomcat-embed-websocket/9.0.37/tomcat-embed-websocket-9.0.37.jar:/Users/saul/.m2/repository/org/springframework/spring-web/5.3.0-M2/spring-web-5.3.0-M2.jar:/Users/saul/.m2/repository/org/springframework/spring-beans/5.3.0-M2/spring-beans-5.3.0-M2.jar:/Users/saul/.m2/repository/org/springframework/spring-webmvc/5.3.0-M2/spring-webmvc-5.3.0-M2.jar:/Users/saul/.m2/repository/org/springframework/spring-aop/5.3.0-M2/spring-aop-5.3.0-M2.jar:/Users/saul/.m2/repository/org/springframework/spring-context/5.3.0-M2/spring-context-5.3.0-M2.jar:/Users/saul/.m2/repository/org/springframework/spring-expression/5.3.0-M2/spring-expression-5.3.0-M2.jar:/Users/saul/.m2/repository/org/springframework/boot/spring-boot-starter-thymeleaf/2.4.0-M2/spring-boot-starter-thymeleaf-2.4.0-M2.jar:/Users/saul/.m2/repository/org/thymeleaf/thymeleaf-spring5/3.0.11.RELEASE/thymeleaf-spring5-3.0.11.RELEASE.jar:/Users/saul/.m2/repository/org/thymeleaf/extras/thymeleaf-extras-java8time/3.0.4.RELEASE/thymeleaf-extras-java8time-3.0.4.RELEASE.jar:/Users/saul/.m2/repository/nz/net/ultraq/thymeleaf/thymeleaf-layout-dialect/2.4.1/thymeleaf-layout-dialect-2.4.1.jar:/Users/saul/.m2/repository/nz/net/ultraq/thymeleaf/thymeleaf-expression-processor/1.1.3/thymeleaf-expression-processor-1.1.3.jar:/Users/saul/.m2/repository/org/codehaus/groovy/groovy/2.5.13/groovy-2.5.13.jar:/Users/saul/.m2/repository/org/thymeleaf/thymeleaf/3.0.11.RELEASE/thymeleaf-3.0.11.RELEASE.jar:/Users/saul/.m2/repository/ognl/ognl/3.1.12/ognl-3.1.12.jar:/Users/saul/.m2/repository/org/javassist/javassist/3.20.0-GA/javassist-3.20.0-GA.jar:/Users/saul/.m2/repository/org/attoparser/attoparser/2.0.5.RELEASE/attoparser-2.0.5.RELEASE.jar:/Users/saul/.m2/repository/org/unbescape/unbescape/1.1.6.RELEASE/unbescape-1.1.6.RELEASE.jar:/Users/saul/.m2/repository/org/webjars/bootstrap/3.4.1/bootstrap-3.4.1.jar:/Users/saul/.m2/repository/org/webjars/jquery/3.4.1/jquery-3.4.1.jar:/Users/saul/.m2/repository/org/webjars/webjars-locator/0.39/webjars-locator-0.39.jar:/Users/saul/.m2/repository/com/fasterxml/jackson/core/jackson-databind/2.11.2/jackson-databind-2.11.2.jar:/Users/saul/.m2/repository/com/fasterxml/jackson/core/jackson-annotations/2.11.2/jackson-annotations-2.11.2.jar:/Users/saul/.m2/repository/org/webjars/webjars-locator-core/0.45/webjars-locator-core-0.45.jar:/Users/saul/.m2/repository/org/slf4j/slf4j-api/1.7.30/slf4j-api-1.7.30.jar:/Users/saul/.m2/repository/io/github/classgraph/classgraph/4.8.69/classgraph-4.8.69.jar:/Users/saul/.m2/repository/com/fasterxml/jackson/core/jackson-core/2.11.2/jackson-core-2.11.2.jar:/Users/saul/.m2/repository/org/springframework/boot/spring-boot-starter-jdbc/2.4.0-M2/spring-boot-starter-jdbc-2.4.0-M2.jar:/Users/saul/.m2/repository/com/zaxxer/HikariCP/3.4.5/HikariCP-3.4.5.jar:/Users/saul/.m2/repository/org/springframework/spring-jdbc/5.3.0-M2/spring-jdbc-5.3.0-M2.jar:/Users/saul/.m2/repository/org/springframework/spring-tx/5.3.0-M2/spring-tx-5.3.0-M2.jar:/Users/saul/.m2/repository/com/h2database/h2/1.4.200/h2-1.4.200.jar:/Users/saul/.m2/repository/org/springframework/boot/spring-boot-starter-actuator/2.4.0-M2/spring-boot-starter-actuator-2.4.0-M2.jar:/Users/saul/.m2/repository/org/springframework/boot/spring-boot-actuator-autoconfigure/2.4.0-M2/spring-boot-actuator-autoconfigure-2.4.0-M2.jar:/Users/saul/.m2/repository/org/springframework/boot/spring-boot-actuator/2.4.0-M2/spring-boot-actuator-2.4.0-M2.jar:/Users/saul/.m2/repository/io/micrometer/micrometer-core/1.5.4/micrometer-core-1.5.4.jar:/Users/saul/.m2/repository/org/hdrhistogram/HdrHistogram/2.1.12/HdrHistogram-2.1.12.jar:/Users/saul/.m2/repository/org/latencyutils/LatencyUtils/2.0.3/LatencyUtils-2.0.3.jar:/Users/saul/.m2/repository/org/springframework/boot/spring-boot-starter-validation/2.4.0-M2/spring-boot-starter-validation-2.4.0-M2.jar:/Users/saul/.m2/repository/org/glassfish/jakarta.el/3.0.3/jakarta.el-3.0.3.jar:/Users/saul/.m2/repository/org/hibernate/validator/hibernate-validator/6.1.5.Final/hibernate-validator-6.1.5.Final.jar:/Users/saul/.m2/repository/jakarta/validation/jakarta.validation-api/2.0.2/jakarta.validation-api-2.0.2.jar:/Users/saul/.m2/repository/org/jboss/logging/jboss-logging/3.4.1.Final/jboss-logging-3.4.1.Final.jar:/Users/saul/.m2/repository/com/fasterxml/classmate/1.5.1/classmate-1.5.1.jar:/Users/saul/.m2/repository/org/springframework/boot/spring-boot-devtools/2.4.0-M2/spring-boot-devtools-2.4.0-M2.jar:/Users/saul/.m2/repository/org/springframework/boot/spring-boot/2.4.0-M2/spring-boot-2.4.0-M2.jar:/Users/saul/.m2/repository/org/springframework/boot/spring-boot-autoconfigure/2.4.0-M2/spring-boot-autoconfigure-2.4.0-M2.jar:/Users/saul/.m2/repository/org/projectlombok/lombok/1.18.12/lombok-1.18.12.jar:/Users/saul/.m2/repository/org/apache/commons/commons-lang3/3.11/commons-lang3-3.11.jar:/Users/saul/.m2/repository/org/springframework/boot/spring-boot-starter-test/2.4.0-M2/spring-boot-starter-test-2.4.0-M2.jar:/Users/saul/.m2/repository/org/springframework/boot/spring-boot-test/2.4.0-M2/spring-boot-test-2.4.0-M2.jar:/Users/saul/.m2/repository/org/springframework/boot/spring-boot-test-autoconfigure/2.4.0-M2/spring-boot-test-autoconfigure-2.4.0-M2.jar:/Users/saul/.m2/repository/com/jayway/jsonpath/json-path/2.4.0/json-path-2.4.0.jar:/Users/saul/.m2/repository/net/minidev/json-smart/2.3/json-smart-2.3.jar:/Users/saul/.m2/repository/net/minidev/accessors-smart/1.2/accessors-smart-1.2.jar:/Users/saul/.m2/repository/org/ow2/asm/asm/5.0.4/asm-5.0.4.jar:/Users/saul/.m2/repository/jakarta/xml/bind/jakarta.xml.bind-api/2.3.3/jakarta.xml.bind-api-2.3.3.jar:/Users/saul/.m2/repository/jakarta/activation/jakarta.activation-api/1.2.2/jakarta.activation-api-1.2.2.jar:/Users/saul/.m2/repository/org/assertj/assertj-core/3.16.1/assertj-core-3.16.1.jar:/Users/saul/.m2/repository/org/hamcrest/hamcrest/2.2/hamcrest-2.2.jar:/Users/saul/.m2/repository/org/junit/jupiter/junit-jupiter/5.6.2/junit-jupiter-5.6.2.jar:/Users/saul/.m2/repository/org/junit/jupiter/junit-jupiter-params/5.6.2/junit-jupiter-params-5.6.2.jar:/Users/saul/.m2/repository/org/mockito/mockito-core/3.4.6/mockito-core-3.4.6.jar:/Users/saul/.m2/repository/net/bytebuddy/byte-buddy/1.10.14/byte-buddy-1.10.14.jar:/Users/saul/.m2/repository/net/bytebuddy/byte-buddy-agent/1.10.14/byte-buddy-agent-1.10.14.jar:/Users/saul/.m2/repository/org/objenesis/objenesis/2.6/objenesis-2.6.jar:/Users/saul/.m2/repository/org/mockito/mockito-junit-jupiter/3.4.6/mockito-junit-jupiter-3.4.6.jar:/Users/saul/.m2/repository/org/skyscreamer/jsonassert/1.5.0/jsonassert-1.5.0.jar:/Users/saul/.m2/repository/com/vaadin/external/google/android-json/0.0.20131108.vaadin1/android-json-0.0.20131108.vaadin1.jar:/Users/saul/.m2/repository/org/springframework/spring-core/5.3.0-M2/spring-core-5.3.0-M2.jar:/Users/saul/.m2/repository/org/springframework/spring-jcl/5.3.0-M2/spring-jcl-5.3.0-M2.jar:/Users/saul/.m2/repository/org/springframework/spring-test/5.3.0-M2/spring-test-5.3.0-M2.jar:/Users/saul/.m2/repository/org/xmlunit/xmlunit-core/2.7.0/xmlunit-core-2.7.0.jar:/Users/saul/.m2/repository/org/junit/jupiter/junit-jupiter-engine/5.6.2/junit-jupiter-engine-5.6.2.jar:/Users/saul/.m2/repository/org/apiguardian/apiguardian-api/1.1.0/apiguardian-api-1.1.0.jar:/Users/saul/.m2/repository/org/junit/platform/junit-platform-engine/1.6.2/junit-platform-engine-1.6.2.jar:/Users/saul/.m2/repository/org/opentest4j/opentest4j/1.2.0/opentest4j-1.2.0.jar:/Users/saul/.m2/repository/org/junit/platform/junit-platform-commons/1.6.2/junit-platform-commons-1.6.2.jar:/Users/saul/.m2/repository/org/junit/jupiter/junit-jupiter-api/5.6.2/junit-jupiter-api-5.6.2.jar:/Users/saul/.m2/repository/net/sourceforge/htmlunit/htmlunit/2.43.0/htmlunit-2.43.0.jar:/Users/saul/.m2/repository/xalan/xalan/2.7.2/xalan-2.7.2.jar:/Users/saul/.m2/repository/xalan/serializer/2.7.2/serializer-2.7.2.jar:/Users/saul/.m2/repository/org/apache/commons/commons-text/1.9/commons-text-1.9.jar:/Users/saul/.m2/repository/org/apache/httpcomponents/httpmime/4.5.12/httpmime-4.5.12.jar:/Users/saul/.m2/repository/org/apache/httpcomponents/httpclient/4.5.12/httpclient-4.5.12.jar:/Users/saul/.m2/repository/org/apache/httpcomponents/httpcore/4.4.13/httpcore-4.4.13.jar:/Users/saul/.m2/repository/commons-codec/commons-codec/1.14/commons-codec-1.14.jar:/Users/saul/.m2/repository/net/sourceforge/htmlunit/htmlunit-core-js/2.43.0/htmlunit-core-js-2.43.0.jar:/Users/saul/.m2/repository/net/sourceforge/htmlunit/neko-htmlunit/2.43.0/neko-htmlunit-2.43.0.jar:/Users/saul/.m2/repository/xerces/xercesImpl/2.12.0/xercesImpl-2.12.0.jar:/Users/saul/.m2/repository/xml-apis/xml-apis/1.4.01/xml-apis-1.4.01.jar:/Users/saul/.m2/repository/net/sourceforge/htmlunit/htmlunit-cssparser/1.5.0/htmlunit-cssparser-1.5.0.jar:/Users/saul/.m2/repository/commons-io/commons-io/2.7/commons-io-2.7.jar:/Users/saul/.m2/repository/commons-net/commons-net/3.7/commons-net-3.7.jar:/Users/saul/.m2/repository/org/brotli/dec/0.1.2/dec-0.1.2.jar:/Users/saul/.m2/repository/com/shapesecurity/salvation/2.7.2/salvation-2.7.2.jar:/Users/saul/.m2/repository/org/eclipse/jetty/websocket/websocket-client/9.4.31.v20200723/websocket-client-9.4.31.v20200723.jar:/Users/saul/.m2/repository/org/eclipse/jetty/jetty-client/9.4.31.v20200723/jetty-client-9.4.31.v20200723.jar:/Users/saul/.m2/repository/org/eclipse/jetty/jetty-http/9.4.31.v20200723/jetty-http-9.4.31.v20200723.jar:/Users/saul/.m2/repository/org/eclipse/jetty/jetty-xml/9.4.31.v20200723/jetty-xml-9.4.31.v20200723.jar:/Users/saul/.m2/repository/org/eclipse/jetty/jetty-util/9.4.31.v20200723/jetty-util-9.4.31.v20200723.jar:/Users/saul/.m2/repository/org/eclipse/jetty/jetty-io/9.4.31.v20200723/jetty-io-9.4.31.v20200723.jar:/Users/saul/.m2/repository/org/eclipse/jetty/websocket/websocket-common/9.4.31.v20200723/websocket-common-9.4.31.v20200723.jar:/Users/saul/.m2/repository/org/eclipse/jetty/websocket/websocket-api/9.4.31.v20200723/websocket-api-9.4.31.v20200723.jar:"/>
    <property name="sun.cpu.endian" value="little"/>
    <property name="user.home" value="/Users/saul"/>
    <property name="user.language" value="ko"/>
    <property name="java.specification.vendor" value="Oracle Corporation"/>
    <property name="java.version.date" value="2019-04-16"/>
    <property name="java.home" value="/Library/Java/JavaVirtualMachines/jdk-11.0.3.jdk/Contents/Home"/>
    <property name="file.separator" value="/"/>
    <property name="basedir" value="/Users/saul/Documents/Development/til/Backend/Spring/Java/spring_security_course/chapter01/chapter01.00"/>
    <property name="java.vm.compressedOopsMode" value="Zero based"/>
    <property name="line.separator" value="&#10;"/>
    <property name="java.specification.name" value="Java Platform API Specification"/>
    <property name="java.vm.specification.vendor" value="Oracle Corporation"/>
    <property name="java.awt.graphicsenv" value="sun.awt.CGraphicsEnvironment"/>
    <property name="surefire.real.class.path" value="/Users/saul/Documents/Development/til/Backend/Spring/Java/spring_security_course/chapter01/chapter01.00/target/surefire/surefirebooter9362787270527606027.jar"/>
    <property name="sun.management.compiler" value="HotSpot 64-Bit Tiered Compilers"/>
    <property name="ftp.nonProxyHosts" value="local|*.local|169.254/16|*.169.254/16"/>
    <property name="java.runtime.version" value="11.0.3+12-LTS"/>
    <property name="user.name" value="saul"/>
    <property name="path.separator" value=":"/>
    <property name="os.version" value="10.15.6"/>
    <property name="java.runtime.name" value="Java(TM) SE Runtime Environment"/>
    <property name="file.encoding" value="UTF-8"/>
    <property name="java.vm.name" value="Java HotSpot(TM) 64-Bit Server VM"/>
    <property name="java.vendor.version" value="18.9"/>
    <property name="localRepository" value="/Users/saul/.m2/repository"/>
    <property name="java.vendor.url.bug" value="http://bugreport.java.com/bugreport/"/>
    <property name="java.io.tmpdir" value="/var/folders/7w/cx1g7l413bs53_g2nrsqsbr80000gn/T/"/>
    <property name="java.version" value="11.0.3"/>
    <property name="user.dir" value="/Users/saul/Documents/Development/til/Backend/Spring/Java/spring_security_course/chapter01/chapter01.00"/>
    <property name="os.arch" value="x86_64"/>
    <property name="java.vm.specification.name" value="Java Virtual Machine Specification"/>
    <property name="java.awt.printerjob" value="sun.lwawt.macosx.CPrinterJob"/>
    <property name="sun.os.patch.level" value="unknown"/>
    <property name="idea.version2019.3.4" value="true"/>
    <property name="java.library.path" value="/Users/saul/Library/Java/Extensions:/Library/Java/Extensions:/Network/Library/Java/Extensions:/System/Library/Java/Extensions:/usr/lib/java:."/>
    <property name="java.vendor" value="Oracle Corporation"/>
    <property name="java.vm.info" value="mixed mode"/>
    <property name="java.vm.version" value="11.0.3+12-LTS"/>
    <property name="sun.io.unicode.encoding" value="UnicodeBig"/>
    <property name="java.class.version" value="55.0"/>
    <property name="socksNonProxyHosts" value="local|*.local|169.254/16|*.169.254/16"/>
  </properties>
  <testcase name="testShowEvent_user1" classname="io.baselogic.springsecurity.web.controllers.EventsControllerTests" time="0.323"/>
  <testcase name="showEventFormAutoPopulate" classname="io.baselogic.springsecurity.web.controllers.EventsControllerTests" time="0.193"/>
  <testcase name="createEvent_not_found_email" classname="io.baselogic.springsecurity.web.controllers.EventsControllerTests" time="0.15"/>
  <testcase name="showEventForm" classname="io.baselogic.springsecurity.web.controllers.EventsControllerTests" time="0.04"/>
  <testcase name="createEvent" classname="io.baselogic.springsecurity.web.controllers.EventsControllerTests" time="0.255"/>
  <testcase name="createEvent_null_email" classname="io.baselogic.springsecurity.web.controllers.EventsControllerTests" time="0.08"/>
  <testcase name="testCurrentUsersEventsPage_htmlUnit" classname="io.baselogic.springsecurity.web.controllers.EventsControllerTests" time="0.038"/>
  <testcase name="createEvent_null_description" classname="io.baselogic.springsecurity.web.controllers.EventsControllerTests" time="0.068"/>
  <testcase name="allEventsPage" classname="io.baselogic.springsecurity.web.controllers.EventsControllerTests" time="0.082"/>
  <testcase name="createEvent_null_summary" classname="io.baselogic.springsecurity.web.controllers.EventsControllerTests" time="0.102"/>
  <testcase name="showEventFormAutoPopulate_admin1" classname="io.baselogic.springsecurity.web.controllers.EventsControllerTests" time="0.07"/>
  <testcase name="createEvent_null_when" classname="io.baselogic.springsecurity.web.controllers.EventsControllerTests" time="0.073"/>
  <testcase name="testCurrentUsersEventsPage" classname="io.baselogic.springsecurity.web.controllers.EventsControllerTests" time="0.036"/>
</testsuite>